
  .   ____          _            __ _ _
 /\\ / ___'_ __ _ _(_)_ __  __ _ \ \ \ \
( ( )\___ | '_ | '_| | '_ \/ _` | \ \ \ \
 \\/  ___)| |_)| | | | | || (_| |  ) ) ) )
  '  |____| .__|_| |_|_| |_\__, | / / / /
 =========|_|==============|___/=/_/_/_/
 :: Spring Boot ::                (v3.2.0)

2025-11-08T20:30:41.251-05:00  INFO 9884 --- [           main] com.carbontrade.CarbonTradeApplication   : Starting CarbonTradeApplication v1.0.0 using Java 21.0.9 with PID 9884 (/home/gautam/Documents/GREENCOIN/carbontrade/target/carbontrade-1.0.0.jar started by gautam in /home/gautam/Documents/GREENCOIN/carbontrade)
2025-11-08T20:30:41.257-05:00  INFO 9884 --- [           main] com.carbontrade.CarbonTradeApplication   : No active profile set, falling back to 1 default profile: "default"
2025-11-08T20:30:43.687-05:00  INFO 9884 --- [           main] .s.d.r.c.RepositoryConfigurationDelegate : Bootstrapping Spring Data JPA repositories in DEFAULT mode.
2025-11-08T20:30:43.829-05:00  INFO 9884 --- [           main] .s.d.r.c.RepositoryConfigurationDelegate : Finished Spring Data repository scanning in 128 ms. Found 3 JPA repository interfaces.
2025-11-08T20:30:44.966-05:00  INFO 9884 --- [           main] o.s.b.w.embedded.tomcat.TomcatWebServer  : Tomcat initialized with port 8080 (http)
2025-11-08T20:30:45.000-05:00  INFO 9884 --- [           main] o.apache.catalina.core.StandardService   : Starting service [Tomcat]
2025-11-08T20:30:45.001-05:00  INFO 9884 --- [           main] o.apache.catalina.core.StandardEngine    : Starting Servlet engine: [Apache Tomcat/10.1.16]
2025-11-08T20:30:45.082-05:00  INFO 9884 --- [           main] o.a.c.c.C.[Tomcat].[localhost].[/]       : Initializing Spring embedded WebApplicationContext
2025-11-08T20:30:45.084-05:00  INFO 9884 --- [           main] w.s.c.ServletWebServerApplicationContext : Root WebApplicationContext: initialization completed in 3642 ms
2025-11-08T20:30:45.484-05:00  INFO 9884 --- [           main] com.zaxxer.hikari.HikariDataSource       : HikariPool-1 - Starting...
2025-11-08T20:30:46.023-05:00  INFO 9884 --- [           main] com.zaxxer.hikari.pool.HikariPool        : HikariPool-1 - Added connection conn0: url=jdbc:h2:mem:572a9f71-e0ce-40f0-afff-689681ea3dde user=SA
2025-11-08T20:30:46.028-05:00  INFO 9884 --- [           main] com.zaxxer.hikari.HikariDataSource       : HikariPool-1 - Start completed.
2025-11-08T20:30:46.169-05:00  INFO 9884 --- [           main] o.hibernate.jpa.internal.util.LogHelper  : HHH000204: Processing PersistenceUnitInfo [name: default]
2025-11-08T20:30:46.300-05:00  INFO 9884 --- [           main] org.hibernate.Version                    : HHH000412: Hibernate ORM core version 6.3.1.Final
2025-11-08T20:30:46.389-05:00  INFO 9884 --- [           main] o.h.c.internal.RegionFactoryInitiator    : HHH000026: Second-level cache disabled
2025-11-08T20:30:47.093-05:00  INFO 9884 --- [           main] o.s.o.j.p.SpringPersistenceUnitInfo      : No LoadTimeWeaver setup: ignoring JPA class transformer
2025-11-08T20:30:49.345-05:00  INFO 9884 --- [           main] o.h.e.t.j.p.i.JtaPlatformInitiator       : HHH000489: No JTA platform available (set 'hibernate.transaction.jta.platform' to enable JTA platform integration)
2025-11-08T20:30:49.429-05:00  INFO 9884 --- [           main] j.LocalContainerEntityManagerFactoryBean : Initialized JPA EntityManagerFactory for persistence unit 'default'
2025-11-08T20:30:50.178-05:00  INFO 9884 --- [           main] o.s.d.j.r.query.QueryEnhancerFactory     : Hibernate is in classpath; If applicable, HQL parser will be used.
2025-11-08T20:30:51.489-05:00  WARN 9884 --- [           main] JpaBaseConfiguration$JpaWebConfiguration : spring.jpa.open-in-view is enabled by default. Therefore, database queries may be performed during view rendering. Explicitly configure spring.jpa.open-in-view to disable this warning
2025-11-08T20:30:51.545-05:00  WARN 9884 --- [           main] .s.s.UserDetailsServiceAutoConfiguration : 

Using generated security password: 5c2975cb-8a58-491a-8bfc-9448d34e6a15

This generated password is for development use only. Your security configuration must be updated before running your application in production.

2025-11-08T20:30:52.240-05:00  INFO 9884 --- [           main] o.s.s.web.DefaultSecurityFilterChain     : Will secure any request with [org.springframework.security.web.session.DisableEncodeUrlFilter@5af7a7, org.springframework.security.web.context.request.async.WebAsyncManagerIntegrationFilter@685e8e17, org.springframework.security.web.context.SecurityContextHolderFilter@7f6ba409, org.springframework.security.web.header.HeaderWriterFilter@12b9d405, org.springframework.web.filter.CorsFilter@545bc8e1, org.springframework.security.web.authentication.logout.LogoutFilter@6d95b51d, org.springframework.security.web.authentication.www.BasicAuthenticationFilter@67c1f5be, org.springframework.security.web.savedrequest.RequestCacheAwareFilter@988eae9, org.springframework.security.web.servletapi.SecurityContextHolderAwareRequestFilter@3e93ee71, org.springframework.security.web.authentication.AnonymousAuthenticationFilter@5f3705e7, org.springframework.security.web.access.ExceptionTranslationFilter@106c4a72, org.springframework.security.web.access.intercept.AuthorizationFilter@39fbee74]
2025-11-08T20:30:52.264-05:00  WARN 9884 --- [           main] o.s.s.c.a.web.builders.WebSecurity       : 

********************************************************************
**********        Security debugging is enabled.       *************
**********    This may include sensitive information.  *************
**********      Do not use in a production system!     *************
********************************************************************


2025-11-08T20:30:53.042-05:00  WARN 9884 --- [           main] ConfigServletWebServerApplicationContext : Exception encountered during context initialization - cancelling refresh attempt: org.springframework.context.ApplicationContextException: Failed to start bean 'webServerStartStop'
2025-11-08T20:30:53.048-05:00  INFO 9884 --- [           main] j.LocalContainerEntityManagerFactoryBean : Closing JPA EntityManagerFactory for persistence unit 'default'
2025-11-08T20:30:53.064-05:00  INFO 9884 --- [           main] com.zaxxer.hikari.HikariDataSource       : HikariPool-1 - Shutdown initiated...
2025-11-08T20:30:53.071-05:00  INFO 9884 --- [           main] com.zaxxer.hikari.HikariDataSource       : HikariPool-1 - Shutdown completed.
2025-11-08T20:30:53.103-05:00  INFO 9884 --- [           main] .s.b.a.l.ConditionEvaluationReportLogger : 

Error starting ApplicationContext. To display the condition evaluation report re-run your application with 'debug' enabled.
2025-11-08T20:30:53.163-05:00 ERROR 9884 --- [           main] o.s.b.d.LoggingFailureAnalysisReporter   : 

***************************
APPLICATION FAILED TO START
***************************

Description:

Web server failed to start. Port 8080 was already in use.

Action:

Identify and stop the process that's listening on port 8080 or configure this application to listen on another port.

